<?xml version="1.0" encoding="UTF-8"?>
<!-- Generated by org.testng.reporters.JUnitReportReporter -->
<testsuite skipped="0" hostname="DESKTOP-26LASGN" name="test.LoginPageTest" tests="2" failures="0" timestamp="2022-02-13T14:19:20 EST" time="16.753" errors="0">
  <testcase name="loginTest" time="9.298" classname="test.LoginPageTest"/>
  <system-out/>
  <testcase name="pageTitleTest" time="7.455" classname="test.LoginPageTest"/>
  <system-out/>
</testsuite> <!-- test.LoginPageTest -->
